Determining if the pthread_create exist failed with the following output:
Change Dir: /home/hesai/project/gitlab/GT_SDK/build/CMakeFiles/CMakeTmp

Run Build Command:"/usr/bin/make" "cmTC_010fc/fast"
/usr/bin/make -f CMakeFiles/cmTC_010fc.dir/build.make CMakeFiles/cmTC_010fc.dir/build
make[1]: Entering directory '/home/hesai/project/gitlab/GT_SDK/build/CMakeFiles/CMakeTmp'
Building C object CMakeFiles/cmTC_010fc.dir/CheckSymbolExists.c.o
/usr/bin/cc     -o CMakeFiles/cmTC_010fc.dir/CheckSymbolExists.c.o   -c /home/hesai/project/gitlab/GT_SDK/build/CMakeFiles/CMakeTmp/CheckSymbolExists.c
Linking C executable cmTC_010fc
/usr/bin/cmake -E cmake_link_script CMakeFiles/cmTC_010fc.dir/link.txt --verbose=1
/usr/bin/cc       CMakeFiles/cmTC_010fc.dir/CheckSymbolExists.c.o  -o cmTC_010fc -rdynamic 
CMakeFiles/cmTC_010fc.dir/CheckSymbolExists.c.o: In function `main':
CheckSymbolExists.c:(.text+0x16): undefined reference to `pthread_create'
collect2: error: ld returned 1 exit status
CMakeFiles/cmTC_010fc.dir/build.make:97: recipe for target 'cmTC_010fc' failed
make[1]: *** [cmTC_010fc] Error 1
make[1]: Leaving directory '/home/hesai/project/gitlab/GT_SDK/build/CMakeFiles/CMakeTmp'
Makefile:126: recipe for target 'cmTC_010fc/fast' failed
make: *** [cmTC_010fc/fast] Error 2

File /home/hesai/project/gitlab/GT_SDK/build/CMakeFiles/CMakeTmp/CheckSymbolExists.c:
/* */
#include <pthread.h>

int main(int argc, char** argv)
{
  (void)argv;
#ifndef pthread_create
  return ((int*)(&pthread_create))[argc];
#else
  (void)argc;
  return 0;
#endif
}

Determining if the function pthread_create exists in the pthreads failed with the following output:
Change Dir: /home/hesai/project/gitlab/GT_SDK/build/CMakeFiles/CMakeTmp

Run Build Command:"/usr/bin/make" "cmTC_95860/fast"
/usr/bin/make -f CMakeFiles/cmTC_95860.dir/build.make CMakeFiles/cmTC_95860.dir/build
make[1]: Entering directory '/home/hesai/project/gitlab/GT_SDK/build/CMakeFiles/CMakeTmp'
Building C object CMakeFiles/cmTC_95860.dir/CheckFunctionExists.c.o
/usr/bin/cc    -DCHECK_FUNCTION_EXISTS=pthread_create   -o CMakeFiles/cmTC_95860.dir/CheckFunctionExists.c.o   -c /usr/share/cmake-3.5/Modules/CheckFunctionExists.c
Linking C executable cmTC_95860
/usr/bin/cmake -E cmake_link_script CMakeFiles/cmTC_95860.dir/link.txt --verbose=1
/usr/bin/cc   -DCHECK_FUNCTION_EXISTS=pthread_create    CMakeFiles/cmTC_95860.dir/CheckFunctionExists.c.o  -o cmTC_95860 -rdynamic -lpthreads 
/usr/bin/ld: cannot find -lpthreads
collect2: error: ld returned 1 exit status
CMakeFiles/cmTC_95860.dir/build.make:97: recipe for target 'cmTC_95860' failed
make[1]: *** [cmTC_95860] Error 1
make[1]: Leaving directory '/home/hesai/project/gitlab/GT_SDK/build/CMakeFiles/CMakeTmp'
Makefile:126: recipe for target 'cmTC_95860/fast' failed
make: *** [cmTC_95860/fast] Error 2


